client/src/components/ui/chart.tsx(209,71): error TS4111: Property 'color' comes from an index signature, so it must be accessed with ['color'].
client/src/components/ui/chart.tsx(318,42): error TS4111: Property 'dataKey' comes from an index signature, so it must be accessed with ['dataKey'].
client/src/components/ui/error-boundary.tsx(31,3): error TS4114: This member must have an 'override' modifier because it overrides a member in the base class 'Component<ErrorBoundaryProps, ErrorBoundaryState, any>'.
client/src/components/ui/error-boundary.tsx(35,3): error TS4114: This member must have an 'override' modifier because it overrides a member in the base class 'Component<ErrorBoundaryProps, ErrorBoundaryState, any>'.
client/src/components/wizard/TestIdProvider.tsx(65,13): error TS2322: Type 'PropsWithoutRef<P> & { "data-testid": string; ref: ForwardedRef<any>; }' is not assignable to type 'IntrinsicAttributes & P'.
  Type 'PropsWithoutRef<P> & { "data-testid": string; ref: ForwardedRef<any>; }' is not assignable to type 'P'.
    'PropsWithoutRef<P> & { "data-testid": string; ref: ForwardedRef<any>; }' is assignable to the constraint of type 'P', but 'P' could be instantiated with a different subtype of constraint '{ 'data-testid'?: string | undefined; }'.
client/src/core/reserves/DeterministicReserveEngine.ts(168,50): error TS2345: Argument of type '{ errorMessage: string; duration: number; input: any; }' is not assignable to parameter of type 'Error'.
  Type '{ errorMessage: string; duration: number; input: any; }' is missing the following properties from type 'Error': name, message
client/src/hooks/useFlags.tsx(104,19): error TS4111: Property 'NODE_ENV' comes from an index signature, so it must be accessed with ['NODE_ENV'].
client/src/lib/error-boundary.ts(128,17): error TS2353: Object literal may only specify known properties, and 'audit_trail' does not exist in type '{ total_available_cents: number; total_allocated_cents: number; companies_funded: number; max_iterations: number; conservation_check: boolean; exit_moic_ranking: string[]; }'.
client/src/lib/error-boundary.ts(188,9): error TS2322: Type '{ code: string; message: string; details: { operation: string; timestamp: string; recoveryAttempted: true; }; }' is not assignable to type 'string'.
client/src/lib/error-boundary.ts(254,9): error TS2322: Type '{ company_id: string; planned_cents: number; iteration: number; }[]' is not assignable to type 'AllocationDecision[]'.
  Type '{ company_id: string; planned_cents: number; iteration: number; }' is missing the following properties from type 'AllocationDecision': reason, cap_cents
client/src/lib/error-boundary.ts(262,11): error TS2353: Object literal may only specify known properties, and 'audit_trail' does not exist in type '{ total_available_cents: number; total_allocated_cents: number; companies_funded: number; max_iterations: number; conservation_check: boolean; exit_moic_ranking: string[]; }'.
client/src/lib/excel-parity-validator.ts(76,13): error TS2353: Object literal may only specify known properties, and 'invested' does not exist in type 'Company'.
client/src/lib/excel-parity-validator.ts(84,13): error TS2353: Object literal may only specify known properties, and 'invested' does not exist in type 'Company'.
client/src/lib/excel-parity-validator.ts(92,13): error TS2353: Object literal may only specify known properties, and 'invested' does not exist in type 'Company'.
client/src/lib/excel-parity-validator.ts(101,13): error TS2353: Object literal may only specify known properties, and 'reserveMultiple' does not exist in type 'StagePolicy'.
client/src/lib/excel-parity-validator.ts(107,11): error TS2353: Object literal may only specify known properties, and 'minCheckSize' does not exist in type 'ReserveConstraints'.
client/src/lib/excel-parity-validator.ts(132,13): error TS2353: Object literal may only specify known properties, and 'invested' does not exist in type 'Company'.
client/src/lib/excel-parity-validator.ts(139,13): error TS2353: Object literal may only specify known properties, and 'invested' does not exist in type 'Company'.
client/src/lib/excel-parity-validator.ts(147,13): error TS2353: Object literal may only specify known properties, and 'invested' does not exist in type 'Company'.
client/src/lib/excel-parity-validator.ts(156,13): error TS2353: Object literal may only specify known properties, and 'reserveMultiple' does not exist in type 'StagePolicy'.
client/src/lib/excel-parity-validator.ts(161,13): error TS2353: Object literal may only specify known properties, and 'reserveMultiple' does not exist in type 'StagePolicy'.
client/src/lib/excel-parity-validator.ts(166,13): error TS2353: Object literal may only specify known properties, and 'reserveMultiple' does not exist in type 'StagePolicy'.
client/src/lib/excel-parity-validator.ts(171,11): error TS2353: Object literal may only specify known properties, and 'minCheckSize' does not exist in type 'ReserveConstraints'.
client/src/lib/excel-parity-validator.ts(227,7): error TS2554: Expected 1 arguments, but got 4.
client/src/lib/excel-parity-validator.ts(248,16): error TS2339: Property 'companyId' does not exist on type '{ id: string; name: string; stage: "seed" | "series_a" | "preseed" | "series_b" | "series_c" | "series_dplus"; allocated: number; }'.
client/src/lib/excel-parity-validator.ts(251,35): error TS2339: Property 'allocation' does not exist on type '{ id: string; name: string; stage: "seed" | "series_a" | "preseed" | "series_b" | "series_c" | "series_dplus"; allocated: number; }'.
client/src/lib/excel-parity.ts(128,9): error TS2353: Object literal may only specify known properties, and 'error' does not exist in type 'Error'.
client/src/lib/excel-parity.ts(128,16): error TS18046: 'error' is of type 'unknown'.
client/src/lib/excel-parity.ts(605,53): error TS2353: Object literal may only specify known properties, and 'error' does not exist in type 'Error'.
client/src/lib/inflight.ts(18,26): error TS4111: Property 'VITE_MAX_INFLIGHT' comes from an index signature, so it must be accessed with ['VITE_MAX_INFLIGHT'].
client/src/lib/inflight.ts(20,26): error TS4111: Property 'VITE_INFLIGHT_TIMEOUT_MS' comes from an index signature, so it must be accessed with ['VITE_INFLIGHT_TIMEOUT_MS'].
client/src/lib/performance-monitor.ts(250,26): error TS4111: Property 'calculation_duration' comes from an index signature, so it must be accessed with ['calculation_duration'].
client/src/lib/performance-monitor.ts(254,26): error TS4111: Property 'cache_hit_rate' comes from an index signature, so it must be accessed with ['cache_hit_rate'].
client/src/lib/performance-monitor.ts(258,26): error TS4111: Property 'error_rate' comes from an index signature, so it must be accessed with ['error_rate'].
client/src/lib/performance-monitor.ts(262,26): error TS4111: Property 'memory_used' comes from an index signature, so it must be accessed with ['memory_used'].
client/src/lib/predictive-cache.ts(70,44): error TS2554: Expected 1 arguments, but got 2.
client/src/lib/predictive-cache.ts(82,43): error TS2554: Expected 1 arguments, but got 2.
client/src/lib/resilient-api-client.ts(47,50): error TS4111: Property 'VITE_API_BASE_URL' comes from an index signature, so it must be accessed with ['VITE_API_BASE_URL'].
client/src/lib/rollout-orchestrator.ts(300,13): error TS2554: Expected 3 arguments, but got 2.
client/src/lib/rollout-orchestrator.ts(309,38): error TS2345: Argument of type 'number' is not assignable to parameter of type 'string'.
client/src/lib/sentry.ts(20,35): error TS4111: Property 'VITE_SENTRY_DSN' comes from an index signature, so it must be accessed with ['VITE_SENTRY_DSN'].
client/src/lib/sentry.ts(28,46): error TS4111: Property 'VITE_SENTRY_TRACES_RATE' comes from an index signature, so it must be accessed with ['VITE_SENTRY_TRACES_RATE'].
client/src/pages/admin/telemetry.tsx(50,46): error TS4111: Property 't' comes from an index signature, so it must be accessed with ['t'].
client/src/pages/admin/telemetry.tsx(51,47): error TS4111: Property 't' comes from an index signature, so it must be accessed with ['t'].
client/src/pages/admin/telemetry.tsx(53,43): error TS4111: Property 'category' comes from an index signature, so it must be accessed with ['category'].
client/src/pages/admin/telemetry.tsx(54,39): error TS4111: Property 'category' comes from an index signature, so it must be accessed with ['category'].
client/src/pages/admin/telemetry.tsx(55,41): error TS4111: Property 'category' comes from an index signature, so it must be accessed with ['category'].
client/src/pages/admin/telemetry.tsx(57,53): error TS4111: Property 'ok' comes from an index signature, so it must be accessed with ['ok'].
client/src/pages/admin/telemetry.tsx(58,52): error TS4111: Property 'ok' comes from an index signature, so it must be accessed with ['ok'].
client/src/pages/admin/telemetry.tsx(60,51): error TS4111: Property 't' comes from an index signature, so it must be accessed with ['t'].
client/src/pages/admin/telemetry.tsx(86,46): error TS4111: Property 'category' comes from an index signature, so it must be accessed with ['category'].
client/src/pages/admin/telemetry.tsx(124,36): error TS4111: Property 't' comes from an index signature, so it must be accessed with ['t'].
client/src/pages/admin/telemetry.tsx(128,31): error TS4111: Property 'category' comes from an index signature, so it must be accessed with ['category'].
client/src/pages/admin/telemetry.tsx(129,31): error TS4111: Property 'category' comes from an index signature, so it must be accessed with ['category'].
client/src/pages/admin/telemetry.tsx(133,33): error TS4111: Property 'category' comes from an index signature, so it must be accessed with ['category'].
client/src/pages/admin/telemetry.tsx(135,30): error TS4111: Property 'ok' comes from an index signature, so it must be accessed with ['ok'].
client/src/pages/admin/telemetry.tsx(142,39): error TS4111: Property 't' comes from an index signature, so it must be accessed with ['t'].
client/src/pages/admin/telemetry.tsx(145,26): error TS4111: Property 'meta' comes from an index signature, so it must be accessed with ['meta'].
client/src/pages/admin/telemetry.tsx(145,52): error TS4111: Property 'meta' comes from an index signature, so it must be accessed with ['meta'].
client/src/pages/admin/telemetry.tsx(148,47): error TS4111: Property 'meta' comes from an index signature, so it must be accessed with ['meta'].
client/src/sentry.ts(4,31): error TS4111: Property 'VITE_SENTRY_DSN' comes from an index signature, so it must be accessed with ['VITE_SENTRY_DSN'].
client/src/sentry.ts(22,46): error TS4111: Property 'VITE_SENTRY_TRACES_RATE' comes from an index signature, so it must be accessed with ['VITE_SENTRY_TRACES_RATE'].
client/src/sentry.ts(33,40): error TS4111: Property 'VITE_SENTRY_ERROR_RATE' comes from an index signature, so it must be accessed with ['VITE_SENTRY_ERROR_RATE'].
client/src/sentry.ts(36,5): error TS2353: Object literal may only specify known properties, and 'autoSessionTracking' does not exist in type 'BrowserOptions'.
client/src/sentry.ts(76,40): error TS4111: Property 'VITE_API_VERSION' comes from an index signature, so it must be accessed with ['VITE_API_VERSION'].
client/src/services/funds.ts(91,48): error TS4111: Property 'VITE_IDEMPOTENCY_MAX' comes from an index signature, so it must be accessed with ['VITE_IDEMPOTENCY_MAX'].
client/src/utils/array-safety-enhanced.ts(31,21): error TS4111: Property 'NODE_ENV' comes from an index signature, so it must be accessed with ['NODE_ENV'].
client/src/utils/array-safety-enhanced.ts(225,33): error TS4111: Property 'NODE_ENV' comes from an index signature, so it must be accessed with ['NODE_ENV'].
client/src/utils/export-reserves.ts(60,9): error TS2322: Type 'string' is not assignable to type 'number'.
client/src/utils/export-reserves.ts(65,9): error TS2322: Type 'string' is not assignable to type 'number'.
client/src/utils/export-reserves.ts(66,9): error TS2322: Type 'string' is not assignable to type 'number'.
client/src/utils/export-reserves.ts(67,9): error TS2322: Type 'string' is not assignable to type 'number'.
client/src/utils/export-reserves.ts(69,9): error TS2322: Type 'string' is not assignable to type 'number'.
client/src/utils/export-reserves.ts(70,9): error TS2322: Type 'string' is not assignable to type 'number'.
client/src/utils/export-reserves.ts(75,9): error TS2322: Type 'string' is not assignable to type 'number'.
client/src/utils/export-reserves.ts(77,9): error TS2322: Type 'number' is not assignable to type 'string'.
client/src/utils/export-reserves.ts(80,9): error TS2322: Type 'string' is not assignable to type 'number'.
client/src/utils/export-reserves.ts(81,9): error TS2322: Type 'string' is not assignable to type 'number'.
client/src/utils/export-reserves.ts(82,9): error TS2322: Type 'string' is not assignable to type 'number'.
client/src/utils/export-reserves.ts(84,9): error TS2322: Type 'string' is not assignable to type 'number'.
client/src/utils/export-reserves.ts(85,9): error TS2322: Type 'string' is not assignable to type 'number'.
client/src/utils/export-reserves.ts(90,9): error TS2322: Type 'string' is not assignable to type 'number'.
client/src/utils/export-reserves.ts(92,9): error TS2322: Type 'number' is not assignable to type 'string'.
client/src/utils/export-reserves.ts(95,9): error TS2322: Type 'string' is not assignable to type 'number'.
client/src/utils/export-reserves.ts(96,9): error TS2322: Type 'string' is not assignable to type 'number'.
client/src/utils/export-reserves.ts(97,9): error TS2322: Type 'string' is not assignable to type 'number'.
client/src/utils/export-reserves.ts(99,9): error TS2322: Type 'string' is not assignable to type 'number'.
client/src/utils/export-reserves.ts(100,9): error TS2322: Type 'string' is not assignable to type 'number'.
client/src/utils/export-reserves.ts(105,9): error TS2322: Type 'string' is not assignable to type 'number'.
client/src/utils/export-reserves.ts(107,9): error TS2322: Type 'number' is not assignable to type 'string'.
client/src/utils/export-reserves.ts(110,9): error TS2322: Type 'string' is not assignable to type 'number'.
client/src/utils/export-reserves.ts(111,9): error TS2322: Type 'string' is not assignable to type 'number'.
client/src/utils/export-reserves.ts(112,9): error TS2322: Type 'string' is not assignable to type 'number'.
client/src/utils/export-reserves.ts(114,9): error TS2322: Type 'string' is not assignable to type 'number'.
client/src/utils/export-reserves.ts(115,9): error TS2322: Type 'string' is not assignable to type 'number'.
client/src/utils/export-reserves.ts(152,31): error TS2307: Cannot find module 'xlsx' or its corresponding type declarations.
client/src/vitals.ts(4,11): error TS2430: Interface 'VitalMetric' incorrectly extends interface 'Metric'.
  Types of property 'navigationType' are incompatible.
    Type 'string | undefined' is not assignable to type '"navigate" | "reload" | "back-forward" | "back-forward-cache" | "prerender" | "restore"'.
      Type 'undefined' is not assignable to type '"navigate" | "reload" | "back-forward" | "back-forward-cache" | "prerender" | "restore"'.
client/src/vitals.ts(31,23): error TS4111: Property 'VITE_ENABLE_RUM_V2' comes from an index signature, so it must be accessed with ['VITE_ENABLE_RUM_V2'].
client/src/vitals.ts(72,14): error TS2339: Property 'Sentry' does not exist on type 'Window & typeof globalThis'.
client/src/vitals.ts(75,13): error TS2339: Property 'setMeasurement' does not exist on type 'Scope'.
client/src/vitals.ts(134,25): error TS2352: Conversion of type '{ name: "TTI"; value: number; rating: "good" | "poor" | "needs-improvement"; id: string; entries: never[]; navigationType: string; }' to type 'VitalMetric' may be a mistake because neither type sufficiently overlaps with the other. If this was intentional, convert the expression to 'unknown' first.
  Property 'delta' is missing in type '{ name: "TTI"; value: number; rating: "good" | "poor" | "needs-improvement"; id: string; entries: never[]; navigationType: string; }' but required in type 'VitalMetric'.
client/src/vitals.ts(189,30): error TS4111: Property 'lcp' comes from an index signature, so it must be accessed with ['lcp'].
client/src/vitals.ts(190,30): error TS4111: Property 'inp' comes from an index signature, so it must be accessed with ['inp'].
client/src/vitals.ts(191,30): error TS4111: Property 'cls' comes from an index signature, so it must be accessed with ['cls'].
client/src/vitals.ts(192,30): error TS4111: Property 'fcp' comes from an index signature, so it must be accessed with ['fcp'].
client/src/vitals.ts(193,31): error TS4111: Property 'ttfb' comes from an index signature, so it must be accessed with ['ttfb'].
shared/charting/ChartAdapter.tsx(167,8): error TS2322: Type '{ children: (false | Element | Element[] | undefined)[]; style?: CSSProperties | undefined; className?: string | undefined; data: ChartDataPoint[]; margin: { ...; }; width: string | number; height: string | number; }' is not assignable to type 'CartesianChartProps'.
  Types of property 'height' are incompatible.
    Type 'string | number' is not assignable to type 'number | undefined'.
      Type 'string' is not assignable to type 'number'.
shared/charting/ChartAdapter.tsx(239,8): error TS2322: Type '{ children: (false | Element | Element[] | undefined)[]; style?: CSSProperties | undefined; className?: string | undefined; data: ChartDataPoint[]; margin: { ...; }; width: string | number; height: string | number; }' is not assignable to type 'CartesianChartProps'.
  Types of property 'height' are incompatible.
    Type 'string | number' is not assignable to type 'number | undefined'.
      Type 'string' is not assignable to type 'number'.
shared/charting/ChartAdapter.tsx(300,8): error TS2322: Type '{ children: (false | Element | Element[] | undefined)[]; layout: "horizontal" | "vertical"; style?: CSSProperties | undefined; className?: string | undefined; data: ChartDataPoint[]; margin: { ...; }; width: string | number; height: string | number; }' is not assignable to type 'CartesianChartProps'.
  Types of property 'height' are incompatible.
    Type 'string | number' is not assignable to type 'number | undefined'.
      Type 'string' is not assignable to type 'number'.
shared/charting/ChartAdapter.tsx(364,8): error TS2322: Type '{ children: (false | Element | Element[] | undefined)[]; style?: CSSProperties | undefined; className?: string | undefined; data: ChartDataPoint[]; margin: { ...; }; width: string | number; height: string | number; }' is not assignable to type 'CartesianChartProps'.
  Types of property 'height' are incompatible.
    Type 'string | number' is not assignable to type 'number | undefined'.
      Type 'string' is not assignable to type 'number'.
shared/charting/ChartAdapter.tsx(401,8): error TS2322: Type '{ children: (false | Element)[]; style?: CSSProperties | undefined; className?: string | undefined; width: string | number; height: string | number; }' is not assignable to type 'PolarChartProps'.
  Types of property 'height' are incompatible.
    Type 'string | number' is not assignable to type 'number | undefined'.
      Type 'string' is not assignable to type 'number'.
shared/charting/ChartAdapter.tsx(454,5): error TS7006: Parameter 'ref' implicitly has an 'any' type.
shared/charting/ChartAdapter.tsx(458,23): error TS4111: Property 'NODE_ENV' comes from an index signature, so it must be accessed with ['NODE_ENV'].
shared/charting/ChartAdapter.tsx(493,3): error TS2484: Export declaration conflicts with exported declaration of 'ChartDataPoint'.
shared/charting/ChartAdapter.tsx(494,3): error TS2484: Export declaration conflicts with exported declaration of 'ChartSeries'.
shared/charting/ChartAdapter.tsx(495,3): error TS2484: Export declaration conflicts with exported declaration of 'ChartConfig'.
shared/charting/ChartAdapter.tsx(496,3): error TS2484: Export declaration conflicts with exported declaration of 'BaseChartProps'.
shared/charting/ChartAdapter.tsx(497,3): error TS2484: Export declaration conflicts with exported declaration of 'LineChartProps'.
shared/charting/ChartAdapter.tsx(498,3): error TS2484: Export declaration conflicts with exported declaration of 'AreaChartProps'.
shared/charting/ChartAdapter.tsx(499,3): error TS2484: Export declaration conflicts with exported declaration of 'BarChartProps'.
shared/charting/ChartAdapter.tsx(500,3): error TS2484: Export declaration conflicts with exported declaration of 'ScatterChartProps'.
shared/charting/ChartAdapter.tsx(501,3): error TS2484: Export declaration conflicts with exported declaration of 'PieChartProps'.
shared/charting/polymorphic.ts(45,21): error TS2345: Argument of type '<T extends ElementType = DefaultTag>(props: PolymorphicProps<T, ExtraProps>, ref: ForwardedRef<Element>) => ReactNode' is not assignable to parameter of type 'ForwardRefRenderFunction<Element, PropsWithoutRef<PolymorphicProps<ElementType, ExtraProps>>>'.
  Types of parameters 'props' and 'props' are incompatible.
    Type 'PropsWithoutRef<PolymorphicProps<ElementType, ExtraProps>>' is not assignable to type 'PolymorphicProps<"symbol" | "object" | "select" | "meta" | "a" | "button" | "div" | "form" | "h2" | "h3" | "img" | "input" | "label" | "li" | "nav" | "ol" | "p" | "span" | "svg" | "ul" | "abbr" | "address" | ... 157 more ... | FunctionComponent<...>, ExtraProps>'.
      Type 'PropsWithoutRef<Omit<Omit<any, "ref">, "as" | keyof ExtraProps> & { as?: ElementType | undefined; }>' is not assignable to type 'PolymorphicProps<"symbol" | "object" | "select" | "meta" | "a" | "button" | "div" | "form" | "h2" | "h3" | "img" | "input" | "label" | "li" | "nav" | "ol" | "p" | "span" | "svg" | "ul" | "abbr" | "address" | ... 157 more ... | FunctionComponent<...>, ExtraProps>'.
        Type '(Omit<Omit<any, "ref">, "as" | keyof ExtraProps> & { as?: ElementType | undefined; }) | ("ref" extends "as" | Exclude<string, "as" | keyof ExtraProps> | Exclude<...> | Exclude<...> ? Omit<...> : Omit<...> & { ...; })' is not assignable to type 'PolymorphicProps<"symbol" | "object" | "select" | "meta" | "a" | "button" | "div" | "form" | "h2" | "h3" | "img" | "input" | "label" | "li" | "nav" | "ol" | "p" | "span" | "svg" | "ul" | "abbr" | "address" | ... 157 more ... | FunctionComponent<...>, ExtraProps>'.
          Type 'Omit<Omit<any, "ref">, "as" | keyof ExtraProps> & { as?: ElementType | undefined; }' is not assignable to type 'PolymorphicProps<"symbol" | "object" | "select" | "meta" | "a" | "button" | "div" | "form" | "h2" | "h3" | "img" | "input" | "label" | "li" | "nav" | "ol" | "p" | "span" | "svg" | "ul" | "abbr" | "address" | ... 157 more ... | FunctionComponent<...>, ExtraProps>'.
            Type 'Omit<Omit<any, "ref">, "as" | keyof ExtraProps> & { as?: ElementType | undefined; }' is not assignable to type 'ExtraProps'.
              'ExtraProps' could be instantiated with an arbitrary type which could be unrelated to 'Omit<Omit<any, "ref">, "as" | keyof ExtraProps> & { as?: ElementType | undefined; }'.
